commit 7067fada3cee78fe3ce76f57646c38de607712f9
Author: Anthony Nguyen <anthony@cs.utexas.edu>
Date:   Tue Jun 21 18:38:38 2016 -0500

    implemented optimization and feature tagged it

commit 4597dd3fcf158da74287b3825c58e13deb0506ee
Author: Anthony Nguyen <anthony@cs.utexas.edu>
Date:   Tue Jun 21 03:04:35 2016 -0500

    edited 'make clean' in  makefile

commit d47b392b173d2d992dce9c8f411aff1d138496ac
Author: Anthony Nguyen <anthony@cs.utexas.edu>
Date:   Tue Jun 21 02:50:35 2016 -0500

    travis ci attempt 1

commit 0dfc4fceb444b7b9252e27167223611eb379dac8
Author: Anthony Nguyen <anthony@cs.utexas.edu>
Date:   Tue Jun 21 02:42:32 2016 -0500

    fixed makefile

commit c567f1247e61ad9cfec27f098b99cb46ac2068bd
Author: Anthony Nguyen <anthony@cs.utexas.edu>
Date:   Tue Jun 21 00:44:33 2016 -0500

    fixed makefile

commit d30a6030a82f52eb0659136f8feec6da907f3e4b
Author: Anthony Nguyen <anthony@cs.utexas.edu>
Date:   Tue Jun 21 00:42:06 2016 -0500

    fixed makefile

commit 7b6893e8c106974e7a257010d52669f88804685e
Author: Anthony Nguyen <anthony@cs.utexas.edu>
Date:   Tue Jun 21 00:41:27 2016 -0500

    fixed makefile

commit 370d174dea5fd24c72ffd695bdc6812de6c4c09c
Author: Anthony Nguyen <anthony@cs.utexas.edu>
Date:   Tue Jun 21 00:37:44 2016 -0500

    reverted back to 91e7e76

commit 09e50ab81ff16594201fd1b763d3999ae850606a
Author: Anthony Nguyen <anthony@cs.utexas.edu>
Date:   Tue Jun 21 00:28:28 2016 -0500

    added SpherePFD.c++

commit 9c3a686028c35ad3744ed6c3a8eb8ec83cd127a9
Author: Anthony Nguyen <anthony@cs.utexas.edu>
Date:   Tue Jun 21 00:08:46 2016 -0500

    fixed make file

commit 91e7e766110e172f688d9315c32ae7cf3f88989d
Author: Anthony Nguyen <anthony@cs.utexas.edu>
Date:   Tue Jun 21 00:05:54 2016 -0500

    changed RunPFD.out and RunPFD.in

commit 0da2c1c78d24962d2d80d75e2f6b6541df755211
Author: Anthony Nguyen <anthony@cs.utexas.edu>
Date:   Mon Jun 20 23:58:48 2016 -0500

    added TestPFD.out

commit 16875dc2f260c3c23280fca8d17909ec7ac96071
Author: Anthony Nguyen <anthony@cs.utexas.edu>
Date:   Mon Jun 20 23:58:11 2016 -0500

    added TestPFD.out file

commit 9003f83af20b2a64601cec3c78aca1c0d55f8d6c
Author: Anthony Nguyen <anthony@cs.utexas.edu>
Date:   Mon Jun 20 23:52:48 2016 -0500

    added TestPFD files, PFD files, and .travis.yml file

commit d80c01c62ead8541a738e30f8196b86f43e66f3b
Author: Anthony Nguyen <anthony@cs.utexas.edu>
Date:   Mon Jun 20 17:38:11 2016 -0500

    added makefile but havent tested yet

commit 3458ccb758a9ff1d080b7fd552465b5bbdd47d22
Author: Nguyen <asn579@wireless-10-147-2-68.public.utexas.edu>
Date:   Mon Jun 20 17:22:42 2016 -0500

    solves issue  #13

commit dd9adb830ca7fdd10d0c7b9165182735967335e9
Author: asnguyen <asnguyen@users.noreply.github.com>
Date:   Thu Jun 16 08:33:01 2016 -0500

    removed .out files from gitignore

commit b9722f04c18818a52ea5d1736e5a47820bc75a93
Author: Nguyen <asn579@wireless-10-145-135-33.public.utexas.edu>
Date:   Thu Jun 16 08:29:48 2016 -0500

    RunPFD.in and RunPFD.out added. solves #13

commit 4de8a93a31b3ce9ea5c10070e22e60646cf0e3ca
Author: asnguyen <asnguyen@users.noreply.github.com>
Date:   Wed Jun 15 14:32:03 2016 -0500

    Initial commit
